Arguments: 
  /home/ThereforeIAm/.nvm/versions/node/v8.10.0/bin/node /usr/share/yarn/bin/yarn.js http-server

PATH: 
  /home/ThereforeIAm/bin:/home/ThereforeIAm/.local/bin:/home/ThereforeIAm/.nvm/versions/node/v8.10.0/bin:/usr/local/sbin:/usr/local/bin:/usr/sbin:/usr/bin:/sbin:/bin:/usr/games:/usr/local/games:/mnt/c/Program Files (x86)/Intel/iCLS Client:/mnt/c/Program Files/Intel/iCLS Client:/mnt/c/Windows/System32:/mnt/c/Windows:/mnt/c/Windows/System32/wbem:/mnt/c/Windows/System32/WindowsPowerShell/v1.0:/mnt/c/Program Files (x86)/Intel/Intel(R) Management Engine Components/DAL:/mnt/c/Program Files/Intel/Intel(R) Management Engine Components/DAL:/mnt/c/Program Files (x86)/Intel/Intel(R) Management Engine Components/IPT:/mnt/c/Program Files/Intel/Intel(R) Management Engine Components/IPT:/mnt/c/Windows/System32/OpenSSH:/mnt/c/Program Files/dotnet:/mnt/c/Program Files/Microsoft VS Code/bin:/mnt/c/Code/flutter/flutter/bin:/mnt/c/Users/llyka/AppData/Local/hyper/app-2.0.0/resources/bin:/snap/bin

Yarn version: 
  1.5.1

Node version: 
  8.10.0

Platform: 
  linux x64

npm manifest: 
  No manifest

yarn manifest: 
  No manifest

Lockfile: 
  No lockfile

Trace: 
  Error: Couldn't find a package.json file in "/mnt/c/Code/P5/first"
      at new MessageError (/usr/share/yarn/lib/cli.js:186:110)
      at /usr/share/yarn/lib/cli.js:40048:15
      at Generator.next (<anonymous>)
      at step (/usr/share/yarn/lib/cli.js:98:30)
      at /usr/share/yarn/lib/cli.js:109:13
      at <anonymous>
